{"D:\\Projects\\Talentica\\AI\\Assignment 1\\ECOM_AI_FE\\src\\App.tsx": {"path":"D:\\Projects\\Talentica\\AI\\Assignment 1\\ECOM_AI_FE\\src\\App.tsx","statementMap":{"0":{"start":{"line":1,"column":0},"end":{"line":1,"column":26}},"1":{"start":{"line":2,"column":0},"end":{"line":2,"column":74}},"2":{"start":{"line":3,"column":0},"end":{"line":3,"column":76}},"3":{"start":{"line":4,"column":0},"end":{"line":4,"column":63}},"4":{"start":{"line":5,"column":0},"end":{"line":5,"column":48}},"5":{"start":{"line":6,"column":0},"end":{"line":6,"column":60}},"6":{"start":{"line":7,"column":0},"end":{"line":7,"column":60}},"7":{"start":{"line":8,"column":0},"end":{"line":8,"column":40}},"8":{"start":{"line":9,"column":0},"end":{"line":9,"column":53}},"9":{"start":{"line":12,"column":20},"end":{"line":12,"column":37}},"10":{"start":{"line":15,"column":14},"end":{"line":32,"column":2}},"11":{"start":{"line":34,"column":22},"end":{"line":52,"column":1}},"12":{"start":{"line":35,"column":2},"end":{"line":51,"column":4}},"13":{"start":{"line":54,"column":0},"end":{"line":54,"column":19}}},"fnMap":{"0":{"name":"(anonymous_1)","decl":{"start":{"line":34,"column":22},"end":{"line":34,"column":null}},"loc":{"start":{"line":34,"column":22},"end":{"line":52,"column":1}}}},"branchMap":{},"s":{"0":1,"1":1,"2":1,"3":1,"4":1,"5":1,"6":1,"7":1,"8":1,"9":1,"10":1,"11":1,"12":3,"13":1},"f":{"0":3},"b":{}}
,"D:\\Projects\\Talentica\\AI\\Assignment 1\\ECOM_AI_FE\\src\\components\\cart\\CartItem.tsx": {"path":"D:\\Projects\\Talentica\\AI\\Assignment 1\\ECOM_AI_FE\\src\\components\\cart\\CartItem.tsx","statementMap":{"0":{"start":{"line":1,"column":0},"end":{"line":1,"column":26}},"1":{"start":{"line":2,"column":0},"end":{"line":2,"column":null}},"2":{"start":{"line":9,"column":0},"end":{"line":9,"column":44}},"3":{"start":{"line":11,"column":0},"end":{"line":11,"column":24}},"4":{"start":{"line":18,"column":51},"end":{"line":77,"column":1}},"5":{"start":{"line":18,"column":58},"end":{"line":18,"column":60}},"6":{"start":{"line":18,"column":68},"end":{"line":18,"column":70}},"7":{"start":{"line":19,"column":43},"end":{"line":19,"column":48}},"8":{"start":{"line":21,"column":2},"end":{"line":23,"column":null}},"9":{"start":{"line":22,"column":4},"end":{"line":22,"column":16}},"10":{"start":{"line":25,"column":34},"end":{"line":25,"column":42}},"11":{"start":{"line":27,"column":23},"end":{"line":29,"column":3}},"12":{"start":{"line":28,"column":4},"end":{"line":28,"column":24}},"13":{"start":{"line":31,"column":2},"end":{"line":76,"column":4}},"14":{"start":{"line":79,"column":0},"end":{"line":79,"column":33}}},"fnMap":{"0":{"name":"(anonymous_1)","decl":{"start":{"line":18,"column":51},"end":{"line":18,"column":52}},"loc":{"start":{"line":18,"column":70},"end":{"line":77,"column":1}}},"1":{"name":"(anonymous_2)","decl":{"start":{"line":27,"column":23},"end":{"line":27,"column":null}},"loc":{"start":{"line":27,"column":23},"end":{"line":29,"column":3}}}},"branchMap":{"0":{"loc":{"start":{"line":21,"column":2},"end":{"line":23,"column":null}},"type":"if","locations":[{"start":{"line":21,"column":2},"end":{"line":23,"column":null}}]}},"s":{"0":3,"1":3,"2":3,"3":3,"4":3,"5":14,"6":14,"7":42,"8":14,"9":1,"10":39,"11":13,"12":2,"13":13,"14":3},"f":{"0":14,"1":2},"b":{"0":[1]}}
,"D:\\Projects\\Talentica\\AI\\Assignment 1\\ECOM_AI_FE\\src\\components\\common\\CategoryFilter.tsx": {"path":"D:\\Projects\\Talentica\\AI\\Assignment 1\\ECOM_AI_FE\\src\\components\\common\\CategoryFilter.tsx","statementMap":{"0":{"start":{"line":1,"column":0},"end":{"line":1,"column":51}},"1":{"start":{"line":2,"column":0},"end":{"line":2,"column":null}},"2":{"start":{"line":8,"column":0},"end":{"line":8,"column":62}},"3":{"start":{"line":9,"column":0},"end":{"line":9,"column":30}},"4":{"start":{"line":16,"column":54},"end":{"line":66,"column":1}},"5":{"start":{"line":16,"column":73},"end":{"line":16,"column":75}},"6":{"start":{"line":16,"column":91},"end":{"line":16,"column":93}},"7":{"start":{"line":17,"column":38},"end":{"line":17,"column":60}},"8":{"start":{"line":17,"column":19},"end":{"line":17,"column":21}},"9":{"start":{"line":17,"column":34},"end":{"line":17,"column":38}},"10":{"start":{"line":18,"column":32},"end":{"line":18,"column":55}},"11":{"start":{"line":18,"column":16},"end":{"line":18,"column":18}},"12":{"start":{"line":18,"column":28},"end":{"line":18,"column":32}},"13":{"start":{"line":20,"column":2},"end":{"line":34,"column":9}},"14":{"start":{"line":21,"column":28},"end":{"line":31,"column":6}},"15":{"start":{"line":23,"column":8},"end":{"line":23,"column":25}},"16":{"start":{"line":24,"column":21},"end":{"line":24,"column":null}},"17":{"start":{"line":24,"column":14},"end":{"line":24,"column":null}},"18":{"start":{"line":25,"column":8},"end":{"line":25,"column":28}},"19":{"start":{"line":27,"column":8},"end":{"line":27,"column":59}},"20":{"start":{"line":29,"column":8},"end":{"line":29,"column":26}},"21":{"start":{"line":33,"column":4},"end":{"line":33,"column":22}},"22":{"start":{"line":36,"column":23},"end":{"line":38,"column":3}},"23":{"start":{"line":37,"column":4},"end":{"line":37,"column":51}},"24":{"start":{"line":40,"column":2},"end":{"line":65,"column":4}},"25":{"start":{"line":54,"column":38},"end":{"line":62,"column":10}},"26":{"start":{"line":68,"column":0},"end":{"line":68,"column":30}}},"fnMap":{"0":{"name":"(anonymous_19)","decl":{"start":{"line":16,"column":54},"end":{"line":16,"column":55}},"loc":{"start":{"line":16,"column":93},"end":{"line":66,"column":1}}},"1":{"name":"(anonymous_20)","decl":{"start":{"line":20,"column":12},"end":{"line":20,"column":null}},"loc":{"start":{"line":20,"column":12},"end":{"line":34,"column":3}}},"2":{"name":"(anonymous_21)","decl":{"start":{"line":21,"column":28},"end":{"line":21,"column":null}},"loc":{"start":{"line":21,"column":28},"end":{"line":31,"column":6}}},"3":{"name":"(anonymous_24)","decl":{"start":{"line":36,"column":23},"end":{"line":36,"column":24}},"loc":{"start":{"line":36,"column":68},"end":{"line":38,"column":3}}},"4":{"name":"(anonymous_25)","decl":{"start":{"line":54,"column":24},"end":{"line":54,"column":25}},"loc":{"start":{"line":54,"column":33},"end":{"line":54,"column":null}}}},"branchMap":{},"s":{"0":3,"1":3,"2":3,"3":3,"4":3,"5":87,"6":87,"7":87,"8":87,"9":87,"10":87,"11":87,"12":87,"13":87,"14":36,"15":18,"16":18,"17":15,"18":14,"19":1,"20":15,"21":18,"22":87,"23":2,"24":87,"25":144,"26":3},"f":{"0":87,"1":18,"2":36,"3":2,"4":144},"b":{}}
,"D:\\Projects\\Talentica\\AI\\Assignment 1\\ECOM_AI_FE\\src\\components\\common\\Header.tsx": {"path":"D:\\Projects\\Talentica\\AI\\Assignment 1\\ECOM_AI_FE\\src\\components\\common\\Header.tsx","statementMap":{"0":{"start":{"line":1,"column":0},"end":{"line":1,"column":26}},"1":{"start":{"line":2,"column":0},"end":{"line":2,"column":null}},"2":{"start":{"line":9,"column":0},"end":{"line":9,"column":50}},"3":{"start":{"line":10,"column":0},"end":{"line":10,"column":54}},"4":{"start":{"line":11,"column":0},"end":{"line":11,"column":52}},"5":{"start":{"line":12,"column":0},"end":{"line":12,"column":22}},"6":{"start":{"line":14,"column":25},"end":{"line":44,"column":1}},"7":{"start":{"line":15,"column":25},"end":{"line":15,"column":35}},"8":{"start":{"line":17,"column":2},"end":{"line":43,"column":4}},"9":{"start":{"line":46,"column":0},"end":{"line":46,"column":22}}},"fnMap":{"0":{"name":"(anonymous_1)","decl":{"start":{"line":14,"column":25},"end":{"line":14,"column":null}},"loc":{"start":{"line":14,"column":25},"end":{"line":44,"column":1}}}},"branchMap":{},"s":{"0":2,"1":2,"2":2,"3":2,"4":2,"5":2,"6":2,"7":7,"8":7,"9":2},"f":{"0":7},"b":{}}
,"D:\\Projects\\Talentica\\AI\\Assignment 1\\ECOM_AI_FE\\src\\components\\common\\Pagination.tsx": {"path":"D:\\Projects\\Talentica\\AI\\Assignment 1\\ECOM_AI_FE\\src\\components\\common\\Pagination.tsx","statementMap":{"0":{"start":{"line":1,"column":0},"end":{"line":1,"column":26}},"1":{"start":{"line":2,"column":0},"end":{"line":2,"column":null}},"2":{"start":{"line":6,"column":0},"end":{"line":6,"column":null}},"3":{"start":{"line":11,"column":0},"end":{"line":11,"column":26}},"4":{"start":{"line":18,"column":46},"end":{"line":62,"column":1}},"5":{"start":{"line":18,"column":59},"end":{"line":18,"column":61}},"6":{"start":{"line":18,"column":73},"end":{"line":18,"column":75}},"7":{"start":{"line":19,"column":33},"end":{"line":19,"column":44}},"8":{"start":{"line":21,"column":21},"end":{"line":21,"column":45}},"9":{"start":{"line":22,"column":22},"end":{"line":22,"column":30}},"10":{"start":{"line":23,"column":18},"end":{"line":23,"column":35}},"11":{"start":{"line":25,"column":25},"end":{"line":29,"column":3}},"12":{"start":{"line":26,"column":4},"end":{"line":28,"column":null}},"13":{"start":{"line":27,"column":6},"end":{"line":27,"column":29}},"14":{"start":{"line":31,"column":21},"end":{"line":35,"column":3}},"15":{"start":{"line":32,"column":4},"end":{"line":34,"column":null}},"16":{"start":{"line":33,"column":6},"end":{"line":33,"column":29}},"17":{"start":{"line":37,"column":2},"end":{"line":61,"column":4}},"18":{"start":{"line":64,"column":0},"end":{"line":64,"column":26}}},"fnMap":{"0":{"name":"(anonymous_1)","decl":{"start":{"line":18,"column":46},"end":{"line":18,"column":47}},"loc":{"start":{"line":18,"column":75},"end":{"line":62,"column":1}}},"1":{"name":"(anonymous_2)","decl":{"start":{"line":25,"column":25},"end":{"line":25,"column":null}},"loc":{"start":{"line":25,"column":25},"end":{"line":29,"column":3}}},"2":{"name":"(anonymous_3)","decl":{"start":{"line":31,"column":21},"end":{"line":31,"column":null}},"loc":{"start":{"line":31,"column":21},"end":{"line":35,"column":3}}}},"branchMap":{"0":{"loc":{"start":{"line":26,"column":4},"end":{"line":28,"column":null}},"type":"if","locations":[{"start":{"line":26,"column":4},"end":{"line":28,"column":null}}]},"1":{"loc":{"start":{"line":32,"column":4},"end":{"line":34,"column":null}},"type":"if","locations":[{"start":{"line":32,"column":4},"end":{"line":34,"column":null}}]}},"s":{"0":3,"1":3,"2":3,"3":3,"4":3,"5":23,"6":23,"7":69,"8":23,"9":23,"10":23,"11":23,"12":1,"13":1,"14":23,"15":2,"16":2,"17":23,"18":3},"f":{"0":23,"1":1,"2":2},"b":{"0":[1],"1":[2]}}
,"D:\\Projects\\Talentica\\AI\\Assignment 1\\ECOM_AI_FE\\src\\components\\common\\SearchBar.tsx": {"path":"D:\\Projects\\Talentica\\AI\\Assignment 1\\ECOM_AI_FE\\src\\components\\common\\SearchBar.tsx","statementMap":{"0":{"start":{"line":1,"column":0},"end":{"line":1,"column":64}},"1":{"start":{"line":2,"column":0},"end":{"line":2,"column":null}},"2":{"start":{"line":7,"column":0},"end":{"line":7,"column":58}},"3":{"start":{"line":8,"column":0},"end":{"line":8,"column":25}},"4":{"start":{"line":15,"column":44},"end":{"line":51,"column":1}},"5":{"start":{"line":15,"column":55},"end":{"line":15,"column":57}},"6":{"start":{"line":15,"column":57},"end":{"line":15,"column":69}},"7":{"start":{"line":15,"column":69},"end":{"line":15,"column":76}},"8":{"start":{"line":16,"column":28},"end":{"line":16,"column":58}},"9":{"start":{"line":16,"column":14},"end":{"line":16,"column":16}},"10":{"start":{"line":16,"column":24},"end":{"line":16,"column":28}},"11":{"start":{"line":18,"column":23},"end":{"line":20,"column":3}},"12":{"start":{"line":19,"column":4},"end":{"line":19,"column":29}},"13":{"start":{"line":22,"column":23},"end":{"line":25,"column":3}},"14":{"start":{"line":23,"column":4},"end":{"line":23,"column":23}},"15":{"start":{"line":24,"column":4},"end":{"line":24,"column":27}},"16":{"start":{"line":27,"column":2},"end":{"line":50,"column":4}},"17":{"start":{"line":53,"column":0},"end":{"line":53,"column":25}}},"fnMap":{"0":{"name":"(anonymous_6)","decl":{"start":{"line":15,"column":44},"end":{"line":15,"column":45}},"loc":{"start":{"line":15,"column":76},"end":{"line":51,"column":1}}},"1":{"name":"(anonymous_7)","decl":{"start":{"line":18,"column":23},"end":{"line":18,"column":24}},"loc":{"start":{"line":18,"column":56},"end":{"line":20,"column":3}}},"2":{"name":"(anonymous_8)","decl":{"start":{"line":22,"column":23},"end":{"line":22,"column":24}},"loc":{"start":{"line":22,"column":36},"end":{"line":25,"column":3}}}},"branchMap":{"0":{"loc":{"start":{"line":15,"column":69},"end":{"line":15,"column":76}},"type":"cond-expr","locations":[{"start":{"line":15,"column":72},"end":{"line":15,"column":74}},{"start":{"line":15,"column":74},"end":{"line":15,"column":76}}]}},"s":{"0":3,"1":3,"2":3,"3":3,"4":3,"5":63,"6":63,"7":63,"8":63,"9":63,"10":63,"11":63,"12":4,"13":63,"14":4,"15":4,"16":63,"17":3},"f":{"0":63,"1":4,"2":4},"b":{"0":[8,55]}}
,"D:\\Projects\\Talentica\\AI\\Assignment 1\\ECOM_AI_FE\\src\\components\\product\\ProductCard.tsx": {"path":"D:\\Projects\\Talentica\\AI\\Assignment 1\\ECOM_AI_FE\\src\\components\\product\\ProductCard.tsx","statementMap":{"0":{"start":{"line":1,"column":0},"end":{"line":1,"column":26}},"1":{"start":{"line":2,"column":0},"end":{"line":2,"column":null}},"2":{"start":{"line":11,"column":0},"end":{"line":11,"column":54}},"3":{"start":{"line":13,"column":0},"end":{"line":13,"column":27}},"4":{"start":{"line":19,"column":48},"end":{"line":65,"column":1}},"5":{"start":{"line":19,"column":58},"end":{"line":19,"column":60}},"6":{"start":{"line":20,"column":38},"end":{"line":20,"column":46}},"7":{"start":{"line":22,"column":2},"end":{"line":64,"column":4}},"8":{"start":{"line":67,"column":0},"end":{"line":67,"column":27}}},"fnMap":{"0":{"name":"(anonymous_1)","decl":{"start":{"line":19,"column":48},"end":{"line":19,"column":49}},"loc":{"start":{"line":19,"column":60},"end":{"line":65,"column":1}}}},"branchMap":{},"s":{"0":3,"1":3,"2":3,"3":3,"4":3,"5":55,"6":220,"7":55,"8":3},"f":{"0":55},"b":{}}
,"D:\\Projects\\Talentica\\AI\\Assignment 1\\ECOM_AI_FE\\src\\context\\CartContext.tsx": {"path":"D:\\Projects\\Talentica\\AI\\Assignment 1\\ECOM_AI_FE\\src\\context\\CartContext.tsx","statementMap":{"0":{"start":{"line":1,"column":0},"end":{"line":1,"column":89}},"1":{"start":{"line":3,"column":0},"end":{"line":3,"column":114}},"2":{"start":{"line":17,"column":20},"end":{"line":17,"column":73}},"3":{"start":{"line":19,"column":23},"end":{"line":25,"column":1}},"4":{"start":{"line":20,"column":18},"end":{"line":20,"column":41}},"5":{"start":{"line":21,"column":2},"end":{"line":23,"column":null}},"6":{"start":{"line":22,"column":4},"end":{"line":22,"column":66}},"7":{"start":{"line":24,"column":2},"end":{"line":24,"column":17}},"8":{"start":{"line":19,"column":13},"end":{"line":19,"column":23}},"9":{"start":{"line":31,"column":57},"end":{"line":125,"column":1}},"10":{"start":{"line":31,"column":68},"end":{"line":31,"column":70}},"11":{"start":{"line":32,"column":26},"end":{"line":37,"column":4}},"12":{"start":{"line":32,"column":13},"end":{"line":32,"column":15}},"13":{"start":{"line":32,"column":22},"end":{"line":32,"column":26}},"14":{"start":{"line":38,"column":36},"end":{"line":38,"column":63}},"15":{"start":{"line":38,"column":18},"end":{"line":38,"column":20}},"16":{"start":{"line":38,"column":32},"end":{"line":38,"column":36}},"17":{"start":{"line":39,"column":36},"end":{"line":39,"column":59}},"18":{"start":{"line":39,"column":18},"end":{"line":39,"column":20}},"19":{"start":{"line":39,"column":32},"end":{"line":39,"column":36}},"20":{"start":{"line":40,"column":28},"end":{"line":40,"column":57}},"21":{"start":{"line":40,"column":14},"end":{"line":40,"column":16}},"22":{"start":{"line":40,"column":24},"end":{"line":40,"column":28}},"23":{"start":{"line":42,"column":20},"end":{"line":56,"column":4}},"24":{"start":{"line":44,"column":6},"end":{"line":44,"column":25}},"25":{"start":{"line":45,"column":23},"end":{"line":45,"column":null}},"26":{"start":{"line":45,"column":12},"end":{"line":45,"column":null}},"27":{"start":{"line":46,"column":6},"end":{"line":46,"column":24}},"28":{"start":{"line":47,"column":31},"end":{"line":47,"column":null}},"29":{"start":{"line":47,"column":12},"end":{"line":47,"column":null}},"30":{"start":{"line":48,"column":6},"end":{"line":48,"column":37}},"31":{"start":{"line":49,"column":6},"end":{"line":49,"column":21}},"32":{"start":{"line":51,"column":6},"end":{"line":51,"column":39}},"33":{"start":{"line":52,"column":6},"end":{"line":52,"column":25}},"34":{"start":{"line":54,"column":6},"end":{"line":54,"column":26}},"35":{"start":{"line":58,"column":2},"end":{"line":60,"column":9}},"36":{"start":{"line":59,"column":4},"end":{"line":59,"column":16}},"37":{"start":{"line":62,"column":18},"end":{"line":74,"column":4}},"38":{"start":{"line":62,"column":60},"end":{"line":74,"column":4}},"39":{"start":{"line":64,"column":6},"end":{"line":64,"column":25}},"40":{"start":{"line":65,"column":26},"end":{"line":65,"column":null}},"41":{"start":{"line":65,"column":12},"end":{"line":65,"column":null}},"42":{"start":{"line":66,"column":6},"end":{"line":66,"column":27}},"43":{"start":{"line":67,"column":6},"end":{"line":67,"column":24}},"44":{"start":{"line":69,"column":6},"end":{"line":69,"column":45}},"45":{"start":{"line":70,"column":6},"end":{"line":70,"column":25}},"46":{"start":{"line":72,"column":6},"end":{"line":72,"column":26}},"47":{"start":{"line":76,"column":21},"end":{"line":88,"column":4}},"48":{"start":{"line":76,"column":63},"end":{"line":88,"column":4}},"49":{"start":{"line":78,"column":6},"end":{"line":78,"column":25}},"50":{"start":{"line":79,"column":26},"end":{"line":79,"column":null}},"51":{"start":{"line":79,"column":12},"end":{"line":79,"column":null}},"52":{"start":{"line":80,"column":6},"end":{"line":80,"column":27}},"53":{"start":{"line":81,"column":6},"end":{"line":81,"column":24}},"54":{"start":{"line":83,"column":6},"end":{"line":83,"column":45}},"55":{"start":{"line":84,"column":6},"end":{"line":84,"column":25}},"56":{"start":{"line":86,"column":6},"end":{"line":86,"column":26}},"57":{"start":{"line":90,"column":21},"end":{"line":102,"column":4}},"58":{"start":{"line":90,"column":45},"end":{"line":102,"column":4}},"59":{"start":{"line":92,"column":6},"end":{"line":92,"column":25}},"60":{"start":{"line":93,"column":26},"end":{"line":93,"column":null}},"61":{"start":{"line":93,"column":12},"end":{"line":93,"column":null}},"62":{"start":{"line":94,"column":6},"end":{"line":94,"column":27}},"63":{"start":{"line":95,"column":6},"end":{"line":95,"column":24}},"64":{"start":{"line":97,"column":6},"end":{"line":97,"column":50}},"65":{"start":{"line":98,"column":6},"end":{"line":98,"column":25}},"66":{"start":{"line":100,"column":6},"end":{"line":100,"column":26}},"67":{"start":{"line":105,"column":21},"end":{"line":105,"column":80}},"68":{"start":{"line":105,"column":55},"end":{"line":105,"column":78}},"69":{"start":{"line":108,"column":21},"end":{"line":110,"column":7}},"70":{"start":{"line":109,"column":4},"end":{"line":109,"column":64}},"71":{"start":{"line":112,"column":16},"end":{"line":122,"column":4}},"72":{"start":{"line":124,"column":2},"end":{"line":124,"column":79}},"73":{"start":{"line":31,"column":13},"end":{"line":31,"column":57}}},"fnMap":{"0":{"name":"(anonymous_19)","decl":{"start":{"line":19,"column":23},"end":{"line":19,"column":null}},"loc":{"start":{"line":19,"column":23},"end":{"line":25,"column":1}}},"1":{"name":"(anonymous_20)","decl":{"start":{"line":31,"column":57},"end":{"line":31,"column":58}},"loc":{"start":{"line":31,"column":70},"end":{"line":125,"column":1}}},"2":{"name":"(anonymous_21)","decl":{"start":{"line":42,"column":20},"end":{"line":42,"column":null}},"loc":{"start":{"line":42,"column":20},"end":{"line":56,"column":4}}},"3":{"name":"(anonymous_24)","decl":{"start":{"line":58,"column":12},"end":{"line":58,"column":null}},"loc":{"start":{"line":58,"column":12},"end":{"line":60,"column":3}}},"4":{"name":"(anonymous_25)","decl":{"start":{"line":62,"column":18},"end":{"line":62,"column":25}},"loc":{"start":{"line":62,"column":60},"end":{"line":74,"column":4}}},"5":{"name":"(anonymous_26)","decl":{"start":{"line":62,"column":60},"end":{"line":62,"column":null}},"loc":{"start":{"line":62,"column":60},"end":{"line":74,"column":4}}},"6":{"name":"(anonymous_28)","decl":{"start":{"line":76,"column":21},"end":{"line":76,"column":28}},"loc":{"start":{"line":76,"column":63},"end":{"line":88,"column":4}}},"7":{"name":"(anonymous_29)","decl":{"start":{"line":76,"column":63},"end":{"line":76,"column":null}},"loc":{"start":{"line":76,"column":63},"end":{"line":88,"column":4}}},"8":{"name":"(anonymous_31)","decl":{"start":{"line":90,"column":21},"end":{"line":90,"column":28}},"loc":{"start":{"line":90,"column":45},"end":{"line":102,"column":4}}},"9":{"name":"(anonymous_32)","decl":{"start":{"line":90,"column":45},"end":{"line":90,"column":null}},"loc":{"start":{"line":90,"column":45},"end":{"line":102,"column":4}}},"10":{"name":"(anonymous_34)","decl":{"start":{"line":105,"column":38},"end":{"line":105,"column":39}},"loc":{"start":{"line":105,"column":50},"end":{"line":105,"column":60}}},"11":{"name":"(anonymous_35)","decl":{"start":{"line":108,"column":38},"end":{"line":108,"column":39}},"loc":{"start":{"line":108,"column":50},"end":{"line":110,"column":3}}}},"branchMap":{"0":{"loc":{"start":{"line":21,"column":2},"end":{"line":23,"column":null}},"type":"if","locations":[{"start":{"line":21,"column":2},"end":{"line":23,"column":null}}]},"1":{"loc":{"start":{"line":109,"column":21},"end":{"line":109,"column":45}},"type":"binary-expr","locations":[{"start":{"line":109,"column":21},"end":{"line":109,"column":40}},{"start":{"line":109,"column":44},"end":{"line":109,"column":45}}]},"2":{"loc":{"start":{"line":109,"column":21},"end":{"line":109,"column":40}},"type":"cond-expr","locations":[{"start":{"line":109,"column":33},"end":{"line":109,"column":35}},{"start":{"line":109,"column":33},"end":{"line":109,"column":40}}]},"3":{"loc":{"start":{"line":109,"column":21},"end":{"line":109,"column":35}},"type":"binary-expr","locations":[{"start":{"line":109,"column":21},"end":{"line":109,"column":35}},{"start":{"line":109,"column":33},"end":{"line":109,"column":35}}]}},"s":{"0":11,"1":11,"2":11,"3":11,"4":82,"5":82,"6":2,"7":80,"8":11,"9":11,"10":155,"11":155,"12":155,"13":155,"14":155,"15":155,"16":155,"17":155,"18":155,"19":155,"20":155,"21":155,"22":155,"23":233,"24":78,"25":78,"26":18,"27":14,"28":14,"29":14,"30":13,"31":13,"32":5,"33":5,"34":18,"35":155,"36":72,"37":155,"38":4,"39":4,"40":4,"41":4,"42":2,"43":4,"44":2,"45":2,"46":4,"47":155,"48":3,"49":3,"50":3,"51":3,"52":2,"53":4,"54":1,"55":1,"56":3,"57":155,"58":3,"59":3,"60":3,"61":3,"62":2,"63":4,"64":1,"65":1,"66":3,"67":155,"68":128,"69":155,"70":128,"71":155,"72":155,"73":11},"f":{"0":82,"1":155,"2":156,"3":72,"4":4,"5":4,"6":3,"7":3,"8":3,"9":3,"10":128,"11":128},"b":{"0":[2],"1":[128,0],"2":[0,128],"3":[128,128]}}
,"D:\\Projects\\Talentica\\AI\\Assignment 1\\ECOM_AI_FE\\src\\pages\\CartPage.tsx": {"path":"D:\\Projects\\Talentica\\AI\\Assignment 1\\ECOM_AI_FE\\src\\pages\\CartPage.tsx","statementMap":{"0":{"start":{"line":1,"column":0},"end":{"line":1,"column":26}},"1":{"start":{"line":2,"column":0},"end":{"line":2,"column":54}},"2":{"start":{"line":3,"column":0},"end":{"line":3,"column":null}},"3":{"start":{"line":12,"column":0},"end":{"line":12,"column":52}},"4":{"start":{"line":13,"column":0},"end":{"line":13,"column":60}},"5":{"start":{"line":14,"column":0},"end":{"line":14,"column":49}},"6":{"start":{"line":15,"column":0},"end":{"line":15,"column":24}},"7":{"start":{"line":17,"column":27},"end":{"line":127,"column":1}},"8":{"start":{"line":18,"column":78},"end":{"line":18,"column":87}},"9":{"start":{"line":18,"column":19},"end":{"line":18,"column":21}},"10":{"start":{"line":18,"column":30},"end":{"line":18,"column":32}},"11":{"start":{"line":18,"column":37},"end":{"line":18,"column":39}},"12":{"start":{"line":18,"column":49},"end":{"line":18,"column":51}},"13":{"start":{"line":18,"column":61},"end":{"line":18,"column":63}},"14":{"start":{"line":18,"column":73},"end":{"line":18,"column":78}},"15":{"start":{"line":20,"column":2},"end":{"line":28,"column":null}},"16":{"start":{"line":21,"column":4},"end":{"line":27,"column":6}},"17":{"start":{"line":30,"column":2},"end":{"line":38,"column":null}},"18":{"start":{"line":31,"column":4},"end":{"line":37,"column":6}},"19":{"start":{"line":40,"column":2},"end":{"line":65,"column":null}},"20":{"start":{"line":41,"column":4},"end":{"line":64,"column":6}},"21":{"start":{"line":67,"column":2},"end":{"line":126,"column":4}},"22":{"start":{"line":74,"column":33},"end":{"line":80,"column":10}},"23":{"start":{"line":129,"column":0},"end":{"line":129,"column":24}}},"fnMap":{"0":{"name":"(anonymous_1)","decl":{"start":{"line":17,"column":27},"end":{"line":17,"column":null}},"loc":{"start":{"line":17,"column":27},"end":{"line":127,"column":1}}},"1":{"name":"(anonymous_2)","decl":{"start":{"line":74,"column":23},"end":{"line":74,"column":24}},"loc":{"start":{"line":74,"column":28},"end":{"line":74,"column":null}}}},"branchMap":{"0":{"loc":{"start":{"line":20,"column":2},"end":{"line":28,"column":null}},"type":"if","locations":[{"start":{"line":20,"column":2},"end":{"line":28,"column":null}}]},"1":{"loc":{"start":{"line":30,"column":2},"end":{"line":38,"column":null}},"type":"if","locations":[{"start":{"line":30,"column":2},"end":{"line":38,"column":null}}]},"2":{"loc":{"start":{"line":40,"column":2},"end":{"line":65,"column":null}},"type":"if","locations":[{"start":{"line":40,"column":2},"end":{"line":65,"column":null}}]}},"s":{"0":2,"1":2,"2":2,"3":2,"4":2,"5":2,"6":2,"7":2,"8":8,"9":8,"10":8,"11":8,"12":8,"13":8,"14":8,"15":8,"16":1,"17":7,"18":1,"19":6,"20":1,"21":5,"22":10,"23":2},"f":{"0":8,"1":10},"b":{"0":[1],"1":[1],"2":[1]}}
,"D:\\Projects\\Talentica\\AI\\Assignment 1\\ECOM_AI_FE\\src\\pages\\ProductDetailsPage.tsx": {"path":"D:\\Projects\\Talentica\\AI\\Assignment 1\\ECOM_AI_FE\\src\\pages\\ProductDetailsPage.tsx","statementMap":{"0":{"start":{"line":1,"column":0},"end":{"line":1,"column":51}},"1":{"start":{"line":2,"column":0},"end":{"line":2,"column":45}},"2":{"start":{"line":3,"column":0},"end":{"line":3,"column":null}},"3":{"start":{"line":12,"column":0},"end":{"line":12,"column":50}},"4":{"start":{"line":13,"column":0},"end":{"line":13,"column":60}},"5":{"start":{"line":14,"column":0},"end":{"line":14,"column":49}},"6":{"start":{"line":16,"column":0},"end":{"line":16,"column":34}},"7":{"start":{"line":22,"column":37},"end":{"line":129,"column":1}},"8":{"start":{"line":23,"column":17},"end":{"line":23,"column":41}},"9":{"start":{"line":24,"column":32},"end":{"line":24,"column":62}},"10":{"start":{"line":24,"column":16},"end":{"line":24,"column":18}},"11":{"start":{"line":24,"column":28},"end":{"line":24,"column":32}},"12":{"start":{"line":25,"column":32},"end":{"line":25,"column":55}},"13":{"start":{"line":25,"column":16},"end":{"line":25,"column":18}},"14":{"start":{"line":25,"column":28},"end":{"line":25,"column":32}},"15":{"start":{"line":26,"column":28},"end":{"line":26,"column":57}},"16":{"start":{"line":26,"column":14},"end":{"line":26,"column":16}},"17":{"start":{"line":26,"column":24},"end":{"line":26,"column":28}},"18":{"start":{"line":27,"column":46},"end":{"line":27,"column":55}},"19":{"start":{"line":27,"column":17},"end":{"line":27,"column":30}},"20":{"start":{"line":27,"column":41},"end":{"line":27,"column":46}},"21":{"start":{"line":29,"column":2},"end":{"line":45,"column":11}},"22":{"start":{"line":30,"column":25},"end":{"line":42,"column":6}},"23":{"start":{"line":32,"column":8},"end":{"line":32,"column":25}},"24":{"start":{"line":33,"column":21},"end":{"line":33,"column":null}},"25":{"start":{"line":33,"column":14},"end":{"line":33,"column":null}},"26":{"start":{"line":34,"column":8},"end":{"line":34,"column":25}},"27":{"start":{"line":35,"column":8},"end":{"line":35,"column":23}},"28":{"start":{"line":37,"column":8},"end":{"line":37,"column":52}},"29":{"start":{"line":38,"column":8},"end":{"line":38,"column":27}},"30":{"start":{"line":40,"column":8},"end":{"line":40,"column":26}},"31":{"start":{"line":44,"column":4},"end":{"line":44,"column":19}},"32":{"start":{"line":47,"column":26},"end":{"line":51,"column":4}},"33":{"start":{"line":48,"column":8},"end":{"line":48,"column":15}},"34":{"start":{"line":49,"column":6},"end":{"line":49,"column":35}},"35":{"start":{"line":53,"column":2},"end":{"line":61,"column":null}},"36":{"start":{"line":54,"column":4},"end":{"line":60,"column":6}},"37":{"start":{"line":63,"column":2},"end":{"line":71,"column":null}},"38":{"start":{"line":64,"column":4},"end":{"line":70,"column":6}},"39":{"start":{"line":73,"column":2},"end":{"line":128,"column":4}},"40":{"start":{"line":131,"column":0},"end":{"line":131,"column":34}}},"fnMap":{"0":{"name":"(anonymous_19)","decl":{"start":{"line":22,"column":37},"end":{"line":22,"column":null}},"loc":{"start":{"line":22,"column":37},"end":{"line":129,"column":1}}},"1":{"name":"(anonymous_20)","decl":{"start":{"line":29,"column":12},"end":{"line":29,"column":null}},"loc":{"start":{"line":29,"column":12},"end":{"line":45,"column":3}}},"2":{"name":"(anonymous_21)","decl":{"start":{"line":30,"column":25},"end":{"line":30,"column":null}},"loc":{"start":{"line":30,"column":25},"end":{"line":42,"column":6}}},"3":{"name":"(anonymous_24)","decl":{"start":{"line":47,"column":26},"end":{"line":47,"column":null}},"loc":{"start":{"line":47,"column":26},"end":{"line":51,"column":4}}}},"branchMap":{"0":{"loc":{"start":{"line":48,"column":8},"end":{"line":48,"column":15}},"type":"if","locations":[{"start":{"line":48,"column":8},"end":{"line":48,"column":15}}]},"1":{"loc":{"start":{"line":53,"column":2},"end":{"line":61,"column":null}},"type":"if","locations":[{"start":{"line":53,"column":2},"end":{"line":61,"column":null}}]},"2":{"loc":{"start":{"line":63,"column":2},"end":{"line":71,"column":null}},"type":"if","locations":[{"start":{"line":63,"column":2},"end":{"line":71,"column":null}}]},"3":{"loc":{"start":{"line":63,"column":6},"end":{"line":63,"column":23}},"type":"binary-expr","locations":[{"start":{"line":63,"column":6},"end":{"line":63,"column":11}},{"start":{"line":63,"column":15},"end":{"line":63,"column":23}}]},"4":{"loc":{"start":{"line":67,"column":11},"end":{"line":67,"column":39}},"type":"binary-expr","locations":[{"start":{"line":67,"column":11},"end":{"line":67,"column":16}},{"start":{"line":67,"column":20},"end":{"line":67,"column":39}}]}},"s":{"0":2,"1":2,"2":2,"3":2,"4":2,"5":2,"6":2,"7":2,"8":25,"9":25,"10":25,"11":25,"12":25,"13":25,"14":25,"15":25,"16":25,"17":25,"18":25,"19":25,"20":25,"21":25,"22":14,"23":7,"24":7,"25":7,"26":6,"27":6,"28":1,"29":1,"30":7,"31":7,"32":26,"33":1,"34":2,"35":25,"36":18,"37":7,"38":2,"39":5,"40":2},"f":{"0":25,"1":7,"2":14,"3":2},"b":{"0":[0],"1":[18],"2":[2],"3":[7,6],"4":[2,1]}}
,"D:\\Projects\\Talentica\\AI\\Assignment 1\\ECOM_AI_FE\\src\\pages\\ProductListingPage.tsx": {"path":"D:\\Projects\\Talentica\\AI\\Assignment 1\\ECOM_AI_FE\\src\\pages\\ProductListingPage.tsx","statementMap":{"0":{"start":{"line":1,"column":0},"end":{"line":1,"column":51}},"1":{"start":{"line":2,"column":0},"end":{"line":2,"column":null}},"2":{"start":{"line":9,"column":0},"end":{"line":9,"column":60}},"3":{"start":{"line":10,"column":0},"end":{"line":10,"column":55}},"4":{"start":{"line":11,"column":0},"end":{"line":11,"column":65}},"5":{"start":{"line":12,"column":0},"end":{"line":12,"column":57}},"6":{"start":{"line":13,"column":0},"end":{"line":13,"column":73}},"7":{"start":{"line":15,"column":0},"end":{"line":15,"column":34}},"8":{"start":{"line":17,"column":37},"end":{"line":115,"column":1}},"9":{"start":{"line":18,"column":34},"end":{"line":18,"column":57}},"10":{"start":{"line":18,"column":17},"end":{"line":18,"column":19}},"11":{"start":{"line":18,"column":30},"end":{"line":18,"column":34}},"12":{"start":{"line":19,"column":32},"end":{"line":19,"column":55}},"13":{"start":{"line":19,"column":16},"end":{"line":19,"column":18}},"14":{"start":{"line":19,"column":28},"end":{"line":19,"column":32}},"15":{"start":{"line":20,"column":28},"end":{"line":20,"column":57}},"16":{"start":{"line":20,"column":14},"end":{"line":20,"column":16}},"17":{"start":{"line":20,"column":24},"end":{"line":20,"column":28}},"18":{"start":{"line":21,"column":40},"end":{"line":21,"column":60}},"19":{"start":{"line":21,"column":20},"end":{"line":21,"column":22}},"20":{"start":{"line":21,"column":36},"end":{"line":21,"column":40}},"21":{"start":{"line":22,"column":50},"end":{"line":22,"column":70}},"22":{"start":{"line":22,"column":25},"end":{"line":22,"column":27}},"23":{"start":{"line":22,"column":46},"end":{"line":22,"column":50}},"24":{"start":{"line":23,"column":38},"end":{"line":27,"column":4}},"25":{"start":{"line":23,"column":19},"end":{"line":23,"column":21}},"26":{"start":{"line":23,"column":34},"end":{"line":23,"column":38}},"27":{"start":{"line":29,"column":24},"end":{"line":49,"column":4}},"28":{"start":{"line":31,"column":6},"end":{"line":31,"column":23}},"29":{"start":{"line":32,"column":10},"end":{"line":32,"column":19}},"30":{"start":{"line":34,"column":10},"end":{"line":34,"column":21}},"31":{"start":{"line":35,"column":19},"end":{"line":35,"column":88}},"32":{"start":{"line":35,"column":8},"end":{"line":35,"column":88}},"33":{"start":{"line":37,"column":19},"end":{"line":37,"column":90}},"34":{"start":{"line":37,"column":8},"end":{"line":37,"column":90}},"35":{"start":{"line":40,"column":6},"end":{"line":40,"column":37}},"36":{"start":{"line":41,"column":6},"end":{"line":41,"column":41}},"37":{"start":{"line":42,"column":6},"end":{"line":42,"column":21}},"38":{"start":{"line":44,"column":6},"end":{"line":44,"column":43}},"39":{"start":{"line":45,"column":6},"end":{"line":45,"column":25}},"40":{"start":{"line":47,"column":6},"end":{"line":47,"column":24}},"41":{"start":{"line":51,"column":2},"end":{"line":53,"column":55}},"42":{"start":{"line":52,"column":4},"end":{"line":52,"column":20}},"43":{"start":{"line":55,"column":27},"end":{"line":57,"column":3}},"44":{"start":{"line":56,"column":4},"end":{"line":56,"column":49}},"45":{"start":{"line":56,"column":28},"end":{"line":56,"column":48}},"46":{"start":{"line":59,"column":31},"end":{"line":62,"column":3}},"47":{"start":{"line":60,"column":4},"end":{"line":60,"column":34}},"48":{"start":{"line":61,"column":4},"end":{"line":61,"column":52}},"49":{"start":{"line":61,"column":28},"end":{"line":61,"column":51}},"50":{"start":{"line":64,"column":23},"end":{"line":67,"column":3}},"51":{"start":{"line":65,"column":4},"end":{"line":65,"column":26}},"52":{"start":{"line":66,"column":4},"end":{"line":66,"column":52}},"53":{"start":{"line":66,"column":28},"end":{"line":66,"column":51}},"54":{"start":{"line":69,"column":2},"end":{"line":114,"column":4}},"55":{"start":{"line":100,"column":39},"end":{"line":104,"column":14}},"56":{"start":{"line":117,"column":0},"end":{"line":117,"column":34}}},"fnMap":{"0":{"name":"(anonymous_22)","decl":{"start":{"line":17,"column":37},"end":{"line":17,"column":null}},"loc":{"start":{"line":17,"column":37},"end":{"line":115,"column":1}}},"1":{"name":"(anonymous_23)","decl":{"start":{"line":29,"column":24},"end":{"line":29,"column":null}},"loc":{"start":{"line":29,"column":24},"end":{"line":49,"column":4}}},"2":{"name":"(anonymous_26)","decl":{"start":{"line":51,"column":12},"end":{"line":51,"column":null}},"loc":{"start":{"line":51,"column":12},"end":{"line":53,"column":3}}},"3":{"name":"(anonymous_27)","decl":{"start":{"line":55,"column":27},"end":{"line":55,"column":28}},"loc":{"start":{"line":55,"column":40},"end":{"line":57,"column":3}}},"4":{"name":"(anonymous_28)","decl":{"start":{"line":56,"column":18},"end":{"line":56,"column":19}},"loc":{"start":{"line":56,"column":23},"end":{"line":56,"column":34}}},"5":{"name":"(anonymous_29)","decl":{"start":{"line":59,"column":31},"end":{"line":59,"column":32}},"loc":{"start":{"line":59,"column":48},"end":{"line":62,"column":3}}},"6":{"name":"(anonymous_30)","decl":{"start":{"line":61,"column":18},"end":{"line":61,"column":19}},"loc":{"start":{"line":61,"column":23},"end":{"line":61,"column":34}}},"7":{"name":"(anonymous_31)","decl":{"start":{"line":64,"column":23},"end":{"line":64,"column":24}},"loc":{"start":{"line":64,"column":37},"end":{"line":67,"column":3}}},"8":{"name":"(anonymous_32)","decl":{"start":{"line":66,"column":18},"end":{"line":66,"column":19}},"loc":{"start":{"line":66,"column":23},"end":{"line":66,"column":34}}},"9":{"name":"(anonymous_33)","decl":{"start":{"line":100,"column":26},"end":{"line":100,"column":27}},"loc":{"start":{"line":100,"column":34},"end":{"line":100,"column":null}}}},"branchMap":{"0":{"loc":{"start":{"line":37,"column":19},"end":{"line":37,"column":90}},"type":"switch","locations":[{"start":{"line":37,"column":19},"end":{"line":37,"column":90}}]},"1":{"loc":{"start":{"line":34,"column":10},"end":{"line":34,"column":21}},"type":"if","locations":[{"start":{"line":34,"column":10},"end":{"line":34,"column":21}}]},"2":{"loc":{"start":{"line":85,"column":7},"end":{"line":111,"column":null}},"type":"cond-expr","locations":[{"start":{"line":86,"column":8},"end":{"line":87,"column":null}},{"start":{"line":89,"column":10},"end":{"line":111,"column":null}}]},"3":{"loc":{"start":{"line":89,"column":10},"end":{"line":111,"column":null}},"type":"cond-expr","locations":[{"start":{"line":90,"column":8},"end":{"line":91,"column":null}},{"start":{"line":93,"column":10},"end":{"line":111,"column":null}}]},"4":{"loc":{"start":{"line":93,"column":10},"end":{"line":111,"column":null}},"type":"cond-expr","locations":[{"start":{"line":94,"column":8},"end":{"line":94,"column":null}},{"start":{"line":98,"column":8},"end":{"line":110,"column":null}}]}},"s":{"0":2,"1":2,"2":2,"3":2,"4":2,"5":2,"6":2,"7":2,"8":2,"9":67,"10":67,"11":67,"12":67,"13":67,"14":67,"15":67,"16":67,"17":67,"18":67,"19":67,"20":67,"21":67,"22":67,"23":67,"24":67,"25":67,"26":67,"27":84,"28":17,"29":17,"30":33,"31":1,"32":1,"33":16,"34":13,"35":12,"36":12,"37":12,"38":2,"39":2,"40":14,"41":67,"42":17,"43":67,"44":1,"45":1,"46":67,"47":1,"48":1,"49":1,"50":67,"51":1,"52":1,"53":1,"54":67,"55":56,"56":2},"f":{"0":67,"1":34,"2":17,"3":1,"4":1,"5":1,"6":1,"7":1,"8":1,"9":56},"b":{"0":[16],"1":[16],"2":[50,17],"3":[2,15],"4":[1,14]}}
,"D:\\Projects\\Talentica\\AI\\Assignment 1\\ECOM_AI_FE\\src\\services\\api.ts": {"path":"D:\\Projects\\Talentica\\AI\\Assignment 1\\ECOM_AI_FE\\src\\services\\api.ts","statementMap":{"0":{"start":{"line":1,"column":0},"end":{"line":1,"column":26}},"1":{"start":{"line":3,"column":16},"end":{"line":3,"column":65}},"2":{"start":{"line":5,"column":12},"end":{"line":10,"column":2}},"3":{"start":{"line":12,"column":0},"end":{"line":12,"column":19}}},"fnMap":{},"branchMap":{"0":{"loc":{"start":{"line":3,"column":16},"end":{"line":3,"column":65}},"type":"binary-expr","locations":[{"start":{"line":3,"column":16},"end":{"line":3,"column":35}},{"start":{"line":3,"column":39},"end":{"line":3,"column":65}}]}},"s":{"0":10,"1":10,"2":10,"3":10},"f":{},"b":{"0":[10,10]}}
,"D:\\Projects\\Talentica\\AI\\Assignment 1\\ECOM_AI_FE\\src\\services\\cartService.ts": {"path":"D:\\Projects\\Talentica\\AI\\Assignment 1\\ECOM_AI_FE\\src\\services\\cartService.ts","statementMap":{"0":{"start":{"line":1,"column":0},"end":{"line":1,"column":24}},"1":{"start":{"line":5,"column":16},"end":{"line":5,"column":17}},"2":{"start":{"line":7,"column":23},"end":{"line":33,"column":2}},"3":{"start":{"line":10,"column":25},"end":{"line":10,"column":null}},"4":{"start":{"line":10,"column":10},"end":{"line":10,"column":null}},"5":{"start":{"line":13,"column":29},"end":{"line":13,"column":null}},"6":{"start":{"line":13,"column":10},"end":{"line":13,"column":null}},"7":{"start":{"line":14,"column":10},"end":{"line":14,"column":43}},"8":{"start":{"line":17,"column":10},"end":{"line":19,"column":26}},"9":{"start":{"line":21,"column":4},"end":{"line":21,"column":16}},"10":{"start":{"line":23,"column":4},"end":{"line":23,"column":49}},"11":{"start":{"line":26,"column":4},"end":{"line":31,"column":6}},"12":{"start":{"line":7,"column":13},"end":{"line":7,"column":23}},"13":{"start":{"line":35,"column":25},"end":{"line":62,"column":2}},"14":{"start":{"line":35,"column":51},"end":{"line":35,"column":66}},"15":{"start":{"line":37,"column":17},"end":{"line":37,"column":null}},"16":{"start":{"line":37,"column":10},"end":{"line":37,"column":null}},"17":{"start":{"line":40,"column":10},"end":{"line":42,"column":6}},"18":{"start":{"line":41,"column":16},"end":{"line":41,"column":null}},"19":{"start":{"line":44,"column":4},"end":{"line":53,"column":null}},"20":{"start":{"line":46,"column":6},"end":{"line":46,"column":63}},"21":{"start":{"line":49,"column":6},"end":{"line":52,"column":9}},"22":{"start":{"line":57,"column":4},"end":{"line":57,"column":16}},"23":{"start":{"line":59,"column":4},"end":{"line":59,"column":50}},"24":{"start":{"line":60,"column":4},"end":{"line":60,"column":16}},"25":{"start":{"line":35,"column":13},"end":{"line":35,"column":25}},"26":{"start":{"line":64,"column":30},"end":{"line":88,"column":2}},"27":{"start":{"line":64,"column":72},"end":{"line":88,"column":2}},"28":{"start":{"line":66,"column":17},"end":{"line":66,"column":null}},"29":{"start":{"line":66,"column":10},"end":{"line":66,"column":null}},"30":{"start":{"line":68,"column":10},"end":{"line":70,"column":6}},"31":{"start":{"line":69,"column":16},"end":{"line":69,"column":null}},"32":{"start":{"line":72,"column":4},"end":{"line":80,"column":null}},"33":{"start":{"line":73,"column":6},"end":{"line":79,"column":null}},"34":{"start":{"line":75,"column":8},"end":{"line":75,"column":54}},"35":{"start":{"line":78,"column":8},"end":{"line":78,"column":64}},"36":{"start":{"line":83,"column":4},"end":{"line":83,"column":16}},"37":{"start":{"line":85,"column":4},"end":{"line":85,"column":54}},"38":{"start":{"line":86,"column":4},"end":{"line":86,"column":16}},"39":{"start":{"line":64,"column":13},"end":{"line":64,"column":30}},"40":{"start":{"line":90,"column":30},"end":{"line":92,"column":2}},"41":{"start":{"line":90,"column":54},"end":{"line":92,"column":2}},"42":{"start":{"line":91,"column":2},"end":{"line":91,"column":38}},"43":{"start":{"line":90,"column":13},"end":{"line":90,"column":30}},"44":{"start":{"line":94,"column":35},"end":{"line":114,"column":2}},"45":{"start":{"line":96,"column":17},"end":{"line":96,"column":null}},"46":{"start":{"line":96,"column":10},"end":{"line":96,"column":null}},"47":{"start":{"line":97,"column":29},"end":{"line":97,"column":null}},"48":{"start":{"line":97,"column":10},"end":{"line":97,"column":null}},"49":{"start":{"line":98,"column":10},"end":{"line":98,"column":46}},"50":{"start":{"line":101,"column":10},"end":{"line":107,"column":7}},"51":{"start":{"line":102,"column":22},"end":{"line":102,"column":70}},"52":{"start":{"line":102,"column":46},"end":{"line":102,"column":70}},"53":{"start":{"line":103,"column":6},"end":{"line":105,"column":null}},"54":{"start":{"line":109,"column":4},"end":{"line":109,"column":28}},"55":{"start":{"line":111,"column":4},"end":{"line":111,"column":62}},"56":{"start":{"line":112,"column":4},"end":{"line":112,"column":14}},"57":{"start":{"line":94,"column":13},"end":{"line":94,"column":35}}},"fnMap":{"0":{"name":"(anonymous_16)","decl":{"start":{"line":7,"column":23},"end":{"line":7,"column":33}},"loc":{"start":{"line":7,"column":23},"end":{"line":33,"column":2}}},"1":{"name":"(anonymous_17)","decl":{"start":{"line":7,"column":40},"end":{"line":7,"column":null}},"loc":{"start":{"line":7,"column":40},"end":{"line":33,"column":2}}},"2":{"name":"(anonymous_19)","decl":{"start":{"line":35,"column":25},"end":{"line":35,"column":32}},"loc":{"start":{"line":35,"column":63},"end":{"line":62,"column":2}}},"3":{"name":"(anonymous_22)","decl":{"start":{"line":41,"column":6},"end":{"line":41,"column":7}},"loc":{"start":{"line":41,"column":11},"end":{"line":41,"column":20}}},"4":{"name":"(anonymous_23)","decl":{"start":{"line":64,"column":30},"end":{"line":64,"column":37}},"loc":{"start":{"line":64,"column":72},"end":{"line":88,"column":2}}},"5":{"name":"(anonymous_24)","decl":{"start":{"line":64,"column":82},"end":{"line":64,"column":null}},"loc":{"start":{"line":64,"column":82},"end":{"line":88,"column":2}}},"6":{"name":"(anonymous_26)","decl":{"start":{"line":69,"column":6},"end":{"line":69,"column":7}},"loc":{"start":{"line":69,"column":11},"end":{"line":69,"column":20}}},"7":{"name":"(anonymous_27)","decl":{"start":{"line":90,"column":30},"end":{"line":90,"column":37}},"loc":{"start":{"line":90,"column":54},"end":{"line":92,"column":2}}},"8":{"name":"(anonymous_28)","decl":{"start":{"line":90,"column":64},"end":{"line":90,"column":null}},"loc":{"start":{"line":90,"column":64},"end":{"line":92,"column":2}}},"9":{"name":"(anonymous_30)","decl":{"start":{"line":94,"column":35},"end":{"line":94,"column":45}},"loc":{"start":{"line":94,"column":35},"end":{"line":114,"column":2}}},"10":{"name":"(anonymous_31)","decl":{"start":{"line":94,"column":52},"end":{"line":94,"column":null}},"loc":{"start":{"line":94,"column":52},"end":{"line":114,"column":2}}},"11":{"name":"(anonymous_33)","decl":{"start":{"line":101,"column":47},"end":{"line":101,"column":48}},"loc":{"start":{"line":101,"column":52},"end":{"line":107,"column":5}}},"12":{"name":"(anonymous_34)","decl":{"start":{"line":102,"column":39},"end":{"line":102,"column":40}},"loc":{"start":{"line":102,"column":41},"end":{"line":102,"column":47}}}},"branchMap":{"0":{"loc":{"start":{"line":17,"column":17},"end":{"line":19,"column":25}},"type":"cond-expr","locations":[{"start":{"line":18,"column":8},"end":{"line":18,"column":28}},{"start":{"line":19,"column":8},"end":{"line":19,"column":25}}]},"1":{"loc":{"start":{"line":35,"column":51},"end":{"line":35,"column":66}},"type":"if","locations":[{"start":{"line":35,"column":51},"end":{"line":35,"column":66}}]},"2":{"loc":{"start":{"line":44,"column":4},"end":{"line":53,"column":null}},"type":"if","locations":[{"start":{"line":44,"column":4},"end":{"line":53,"column":null}},{"start":{"line":47,"column":11},"end":{"line":53,"column":null}}]},"3":{"loc":{"start":{"line":72,"column":4},"end":{"line":80,"column":null}},"type":"if","locations":[{"start":{"line":72,"column":4},"end":{"line":80,"column":null}}]},"4":{"loc":{"start":{"line":73,"column":6},"end":{"line":79,"column":null}},"type":"if","locations":[{"start":{"line":73,"column":6},"end":{"line":79,"column":null}},{"start":{"line":76,"column":13},"end":{"line":79,"column":null}}]},"5":{"loc":{"start":{"line":105,"column":17},"end":{"line":105,"column":41}},"type":"binary-expr","locations":[{"start":{"line":105,"column":17},"end":{"line":105,"column":24}},{"start":{"line":105,"column":28},"end":{"line":105,"column":41}}]}},"s":{"0":11,"1":11,"2":74,"3":63,"4":8,"5":7,"6":2,"7":2,"8":2,"9":2,"10":1,"11":1,"12":11,"13":11,"14":5,"15":4,"16":4,"17":3,"18":6,"19":3,"20":1,"21":2,"22":3,"23":1,"24":1,"25":11,"26":11,"27":4,"28":4,"29":4,"30":3,"31":5,"32":3,"33":2,"34":1,"35":1,"36":3,"37":1,"38":1,"39":11,"40":11,"41":1,"42":1,"43":11,"44":14,"45":3,"46":3,"47":2,"48":2,"49":2,"50":2,"51":6,"52":9,"53":6,"54":2,"55":1,"56":1,"57":11},"f":{"0":63,"1":63,"2":4,"3":6,"4":4,"5":4,"6":5,"7":1,"8":1,"9":3,"10":3,"11":6,"12":9},"b":{"0":[1,1],"1":[1],"2":[1,2],"3":[2],"4":[1,1],"5":[6,3]}}
,"D:\\Projects\\Talentica\\AI\\Assignment 1\\ECOM_AI_FE\\src\\services\\productService.ts": {"path":"D:\\Projects\\Talentica\\AI\\Assignment 1\\ECOM_AI_FE\\src\\services\\productService.ts","statementMap":{"0":{"start":{"line":1,"column":0},"end":{"line":1,"column":24}},"1":{"start":{"line":4,"column":27},"end":{"line":38,"column":2}},"2":{"start":{"line":5,"column":2},"end":{"line":5,"column":null}},"3":{"start":{"line":6,"column":2},"end":{"line":6,"column":null}},"4":{"start":{"line":11,"column":32},"end":{"line":11,"column":null}},"5":{"start":{"line":11,"column":10},"end":{"line":11,"column":null}},"6":{"start":{"line":12,"column":10},"end":{"line":12,"column":49}},"7":{"start":{"line":15,"column":10},"end":{"line":17,"column":20}},"8":{"start":{"line":16,"column":40},"end":{"line":16,"column":70}},"9":{"start":{"line":19,"column":10},"end":{"line":19,"column":42}},"10":{"start":{"line":22,"column":10},"end":{"line":22,"column":42}},"11":{"start":{"line":23,"column":10},"end":{"line":23,"column":40}},"12":{"start":{"line":24,"column":10},"end":{"line":24,"column":75}},"13":{"start":{"line":26,"column":4},"end":{"line":33,"column":6}},"14":{"start":{"line":35,"column":4},"end":{"line":35,"column":53}},"15":{"start":{"line":36,"column":4},"end":{"line":36,"column":16}},"16":{"start":{"line":4,"column":13},"end":{"line":4,"column":27}},"17":{"start":{"line":40,"column":30},"end":{"line":48,"column":2}},"18":{"start":{"line":40,"column":47},"end":{"line":48,"column":2}},"19":{"start":{"line":42,"column":21},"end":{"line":42,"column":null}},"20":{"start":{"line":42,"column":10},"end":{"line":42,"column":null}},"21":{"start":{"line":43,"column":4},"end":{"line":43,"column":25}},"22":{"start":{"line":45,"column":4},"end":{"line":45,"column":66}},"23":{"start":{"line":46,"column":4},"end":{"line":46,"column":16}},"24":{"start":{"line":40,"column":13},"end":{"line":40,"column":30}},"25":{"start":{"line":50,"column":29},"end":{"line":58,"column":2}},"26":{"start":{"line":52,"column":21},"end":{"line":52,"column":null}},"27":{"start":{"line":52,"column":10},"end":{"line":52,"column":null}},"28":{"start":{"line":53,"column":4},"end":{"line":53,"column":25}},"29":{"start":{"line":55,"column":4},"end":{"line":55,"column":55}},"30":{"start":{"line":56,"column":4},"end":{"line":56,"column":16}},"31":{"start":{"line":50,"column":13},"end":{"line":50,"column":29}},"32":{"start":{"line":60,"column":30},"end":{"line":94,"column":2}},"33":{"start":{"line":62,"column":2},"end":{"line":62,"column":null}},"34":{"start":{"line":63,"column":2},"end":{"line":63,"column":null}},"35":{"start":{"line":66,"column":32},"end":{"line":66,"column":null}},"36":{"start":{"line":66,"column":10},"end":{"line":66,"column":null}},"37":{"start":{"line":67,"column":10},"end":{"line":67,"column":49}},"38":{"start":{"line":70,"column":10},"end":{"line":73,"column":6}},"39":{"start":{"line":71,"column":6},"end":{"line":72,"column":null}},"40":{"start":{"line":75,"column":10},"end":{"line":75,"column":42}},"41":{"start":{"line":78,"column":10},"end":{"line":78,"column":42}},"42":{"start":{"line":79,"column":10},"end":{"line":79,"column":40}},"43":{"start":{"line":80,"column":10},"end":{"line":80,"column":75}},"44":{"start":{"line":82,"column":4},"end":{"line":89,"column":6}},"45":{"start":{"line":91,"column":4},"end":{"line":91,"column":54}},"46":{"start":{"line":92,"column":4},"end":{"line":92,"column":16}},"47":{"start":{"line":60,"column":13},"end":{"line":60,"column":30}}},"fnMap":{"0":{"name":"(anonymous_14)","decl":{"start":{"line":4,"column":27},"end":{"line":4,"column":null}},"loc":{"start":{"line":7,"column":19},"end":{"line":38,"column":2}}},"1":{"name":"(anonymous_17)","decl":{"start":{"line":16,"column":27},"end":{"line":16,"column":28}},"loc":{"start":{"line":16,"column":35},"end":{"line":16,"column":47}}},"2":{"name":"(anonymous_18)","decl":{"start":{"line":40,"column":30},"end":{"line":40,"column":37}},"loc":{"start":{"line":40,"column":47},"end":{"line":48,"column":2}}},"3":{"name":"(anonymous_19)","decl":{"start":{"line":40,"column":57},"end":{"line":40,"column":null}},"loc":{"start":{"line":40,"column":57},"end":{"line":48,"column":2}}},"4":{"name":"(anonymous_21)","decl":{"start":{"line":50,"column":29},"end":{"line":50,"column":39}},"loc":{"start":{"line":50,"column":29},"end":{"line":58,"column":2}}},"5":{"name":"(anonymous_22)","decl":{"start":{"line":50,"column":46},"end":{"line":50,"column":null}},"loc":{"start":{"line":50,"column":46},"end":{"line":58,"column":2}}},"6":{"name":"(anonymous_24)","decl":{"start":{"line":60,"column":30},"end":{"line":60,"column":null}},"loc":{"start":{"line":63,"column":11},"end":{"line":94,"column":2}}},"7":{"name":"(anonymous_27)","decl":{"start":{"line":70,"column":48},"end":{"line":70,"column":49}},"loc":{"start":{"line":70,"column":56},"end":{"line":71,"column":13}}}},"branchMap":{"0":{"loc":{"start":{"line":5,"column":2},"end":{"line":5,"column":null}},"type":"if","locations":[{"start":{"line":5,"column":2},"end":{"line":5,"column":null}}]},"1":{"loc":{"start":{"line":6,"column":2},"end":{"line":6,"column":null}},"type":"if","locations":[{"start":{"line":6,"column":2},"end":{"line":6,"column":null}}]},"2":{"loc":{"start":{"line":15,"column":29},"end":{"line":17,"column":19}},"type":"cond-expr","locations":[{"start":{"line":16,"column":8},"end":{"line":16,"column":70}},{"start":{"line":17,"column":8},"end":{"line":17,"column":19}}]},"3":{"loc":{"start":{"line":62,"column":2},"end":{"line":62,"column":null}},"type":"if","locations":[{"start":{"line":62,"column":2},"end":{"line":62,"column":null}}]},"4":{"loc":{"start":{"line":63,"column":2},"end":{"line":63,"column":null}},"type":"if","locations":[{"start":{"line":63,"column":2},"end":{"line":63,"column":null}}]},"5":{"loc":{"start":{"line":71,"column":6},"end":{"line":72,"column":69}},"type":"binary-expr","locations":[{"start":{"line":71,"column":6},"end":{"line":71,"column":63}},{"start":{"line":72,"column":6},"end":{"line":72,"column":69}}]}},"s":{"0":2,"1":2,"2":9,"3":9,"4":7,"5":4,"6":3,"7":3,"8":4,"9":3,"10":3,"11":3,"12":3,"13":3,"14":1,"15":1,"16":2,"17":2,"18":2,"19":2,"20":2,"21":1,"22":1,"23":1,"24":2,"25":7,"26":5,"27":2,"28":1,"29":1,"30":1,"31":2,"32":2,"33":9,"34":9,"35":5,"36":5,"37":4,"38":4,"39":16,"40":4,"41":4,"42":4,"43":4,"44":4,"45":1,"46":1,"47":2},"f":{"0":7,"1":4,"2":2,"3":2,"4":5,"5":5,"6":5,"7":16},"b":{"0":[2],"1":[2],"2":[1,2],"3":[4],"4":[4],"5":[16,11]}}
}
