TN:
SF:src\App.tsx
FN:34,(anonymous_1)
FNF:1
FNH:1
FNDA:3,(anonymous_1)
DA:1,1
DA:2,1
DA:3,1
DA:4,1
DA:5,1
DA:6,1
DA:7,1
DA:8,1
DA:9,1
DA:12,1
DA:15,1
DA:34,1
DA:35,3
DA:54,1
LF:14
LH:14
BRF:0
BRH:0
end_of_record
TN:
SF:src\components\cart\CartItem.tsx
FN:18,(anonymous_1)
FN:27,(anonymous_2)
FNF:2
FNH:2
FNDA:14,(anonymous_1)
FNDA:2,(anonymous_2)
DA:1,3
DA:2,3
DA:9,3
DA:11,3
DA:18,14
DA:19,42
DA:21,14
DA:22,1
DA:25,39
DA:27,13
DA:28,2
DA:31,13
DA:79,3
LF:13
LH:13
BRDA:21,0,0,1
BRF:1
BRH:1
end_of_record
TN:
SF:src\components\common\CategoryFilter.tsx
FN:16,(anonymous_19)
FN:20,(anonymous_20)
FN:21,(anonymous_21)
FN:36,(anonymous_24)
FN:54,(anonymous_25)
FNF:5
FNH:5
FNDA:87,(anonymous_19)
FNDA:18,(anonymous_20)
FNDA:36,(anonymous_21)
FNDA:2,(anonymous_24)
FNDA:144,(anonymous_25)
DA:1,3
DA:2,3
DA:8,3
DA:9,3
DA:16,87
DA:17,87
DA:18,87
DA:20,87
DA:21,36
DA:23,18
DA:24,18
DA:25,14
DA:27,1
DA:29,15
DA:33,18
DA:36,87
DA:37,2
DA:40,87
DA:54,144
DA:68,3
LF:20
LH:20
BRF:0
BRH:0
end_of_record
TN:
SF:src\components\common\Header.tsx
FN:14,(anonymous_1)
FNF:1
FNH:1
FNDA:7,(anonymous_1)
DA:1,2
DA:2,2
DA:9,2
DA:10,2
DA:11,2
DA:12,2
DA:14,2
DA:15,7
DA:17,7
DA:46,2
LF:10
LH:10
BRF:0
BRH:0
end_of_record
TN:
SF:src\components\common\Pagination.tsx
FN:18,(anonymous_1)
FN:25,(anonymous_2)
FN:31,(anonymous_3)
FNF:3
FNH:3
FNDA:23,(anonymous_1)
FNDA:1,(anonymous_2)
FNDA:2,(anonymous_3)
DA:1,3
DA:2,3
DA:6,3
DA:11,3
DA:18,23
DA:19,69
DA:21,23
DA:22,23
DA:23,23
DA:25,23
DA:26,1
DA:27,1
DA:31,23
DA:32,2
DA:33,2
DA:37,23
DA:64,3
LF:17
LH:17
BRDA:26,0,0,1
BRDA:32,1,0,2
BRF:2
BRH:2
end_of_record
TN:
SF:src\components\common\SearchBar.tsx
FN:15,(anonymous_6)
FN:18,(anonymous_7)
FN:22,(anonymous_8)
FNF:3
FNH:3
FNDA:63,(anonymous_6)
FNDA:4,(anonymous_7)
FNDA:4,(anonymous_8)
DA:1,3
DA:2,3
DA:7,3
DA:8,3
DA:15,63
DA:16,63
DA:18,63
DA:19,4
DA:22,63
DA:23,4
DA:24,4
DA:27,63
DA:53,3
LF:13
LH:13
BRDA:15,0,0,8
BRDA:15,0,1,55
BRF:2
BRH:2
end_of_record
TN:
SF:src\components\product\ProductCard.tsx
FN:19,(anonymous_1)
FNF:1
FNH:1
FNDA:55,(anonymous_1)
DA:1,3
DA:2,3
DA:11,3
DA:13,3
DA:19,55
DA:20,220
DA:22,55
DA:67,3
LF:8
LH:8
BRF:0
BRH:0
end_of_record
TN:
SF:src\context\CartContext.tsx
FN:19,(anonymous_19)
FN:31,(anonymous_20)
FN:42,(anonymous_21)
FN:58,(anonymous_24)
FN:62,(anonymous_25)
FN:62,(anonymous_26)
FN:76,(anonymous_28)
FN:76,(anonymous_29)
FN:90,(anonymous_31)
FN:90,(anonymous_32)
FN:105,(anonymous_34)
FN:108,(anonymous_35)
FNF:12
FNH:12
FNDA:82,(anonymous_19)
FNDA:155,(anonymous_20)
FNDA:156,(anonymous_21)
FNDA:72,(anonymous_24)
FNDA:4,(anonymous_25)
FNDA:4,(anonymous_26)
FNDA:3,(anonymous_28)
FNDA:3,(anonymous_29)
FNDA:3,(anonymous_31)
FNDA:3,(anonymous_32)
FNDA:128,(anonymous_34)
FNDA:128,(anonymous_35)
DA:1,11
DA:3,11
DA:17,11
DA:19,11
DA:20,82
DA:21,82
DA:22,2
DA:24,80
DA:31,155
DA:32,155
DA:38,155
DA:39,155
DA:40,155
DA:42,233
DA:44,78
DA:45,78
DA:46,14
DA:47,14
DA:48,13
DA:49,13
DA:51,5
DA:52,5
DA:54,18
DA:58,155
DA:59,72
DA:62,155
DA:64,4
DA:65,4
DA:66,2
DA:67,4
DA:69,2
DA:70,2
DA:72,4
DA:76,155
DA:78,3
DA:79,3
DA:80,2
DA:81,4
DA:83,1
DA:84,1
DA:86,3
DA:90,155
DA:92,3
DA:93,3
DA:94,2
DA:95,4
DA:97,1
DA:98,1
DA:100,3
DA:105,155
DA:108,155
DA:109,128
DA:112,155
DA:124,155
LF:54
LH:54
BRDA:21,0,0,2
BRDA:109,1,0,128
BRDA:109,1,1,0
BRDA:109,2,0,0
BRDA:109,2,1,128
BRDA:109,3,0,128
BRDA:109,3,1,128
BRF:7
BRH:5
end_of_record
TN:
SF:src\pages\CartPage.tsx
FN:17,(anonymous_1)
FN:74,(anonymous_2)
FNF:2
FNH:2
FNDA:8,(anonymous_1)
FNDA:10,(anonymous_2)
DA:1,2
DA:2,2
DA:3,2
DA:12,2
DA:13,2
DA:14,2
DA:15,2
DA:17,2
DA:18,8
DA:20,8
DA:21,1
DA:30,7
DA:31,1
DA:40,6
DA:41,1
DA:67,5
DA:74,10
DA:129,2
LF:18
LH:18
BRDA:20,0,0,1
BRDA:30,1,0,1
BRDA:40,2,0,1
BRF:3
BRH:3
end_of_record
TN:
SF:src\pages\ProductDetailsPage.tsx
FN:22,(anonymous_19)
FN:29,(anonymous_20)
FN:30,(anonymous_21)
FN:47,(anonymous_24)
FNF:4
FNH:4
FNDA:25,(anonymous_19)
FNDA:7,(anonymous_20)
FNDA:14,(anonymous_21)
FNDA:2,(anonymous_24)
DA:1,2
DA:2,2
DA:3,2
DA:12,2
DA:13,2
DA:14,2
DA:16,2
DA:22,2
DA:23,25
DA:24,25
DA:25,25
DA:26,25
DA:27,25
DA:29,25
DA:30,14
DA:32,7
DA:33,7
DA:34,6
DA:35,6
DA:37,1
DA:38,1
DA:40,7
DA:44,7
DA:47,26
DA:48,1
DA:49,2
DA:53,25
DA:54,18
DA:63,7
DA:64,2
DA:73,5
DA:131,2
LF:32
LH:32
BRDA:48,0,0,0
BRDA:53,1,0,18
BRDA:63,2,0,2
BRDA:63,3,0,7
BRDA:63,3,1,6
BRDA:67,4,0,2
BRDA:67,4,1,1
BRF:7
BRH:6
end_of_record
TN:
SF:src\pages\ProductListingPage.tsx
FN:17,(anonymous_22)
FN:29,(anonymous_23)
FN:51,(anonymous_26)
FN:55,(anonymous_27)
FN:56,(anonymous_28)
FN:59,(anonymous_29)
FN:61,(anonymous_30)
FN:64,(anonymous_31)
FN:66,(anonymous_32)
FN:100,(anonymous_33)
FNF:10
FNH:10
FNDA:67,(anonymous_22)
FNDA:34,(anonymous_23)
FNDA:17,(anonymous_26)
FNDA:1,(anonymous_27)
FNDA:1,(anonymous_28)
FNDA:1,(anonymous_29)
FNDA:1,(anonymous_30)
FNDA:1,(anonymous_31)
FNDA:1,(anonymous_32)
FNDA:56,(anonymous_33)
DA:1,2
DA:2,2
DA:9,2
DA:10,2
DA:11,2
DA:12,2
DA:13,2
DA:15,2
DA:17,2
DA:18,67
DA:19,67
DA:20,67
DA:21,67
DA:22,67
DA:23,67
DA:29,84
DA:31,17
DA:32,17
DA:34,33
DA:35,1
DA:37,16
DA:40,12
DA:41,12
DA:42,12
DA:44,2
DA:45,2
DA:47,14
DA:51,67
DA:52,17
DA:55,67
DA:56,1
DA:59,67
DA:60,1
DA:61,1
DA:64,67
DA:65,1
DA:66,1
DA:69,67
DA:100,56
DA:117,2
LF:40
LH:40
BRDA:37,0,0,16
BRDA:34,1,0,16
BRDA:85,2,0,50
BRDA:85,2,1,17
BRDA:89,3,0,2
BRDA:89,3,1,15
BRDA:93,4,0,1
BRDA:93,4,1,14
BRF:8
BRH:8
end_of_record
TN:
SF:src\services\api.ts
FNF:0
FNH:0
DA:1,10
DA:3,10
DA:5,10
DA:12,10
LF:4
LH:4
BRDA:3,0,0,10
BRDA:3,0,1,10
BRF:2
BRH:2
end_of_record
TN:
SF:src\services\cartService.ts
FN:7,(anonymous_16)
FN:7,(anonymous_17)
FN:35,(anonymous_19)
FN:41,(anonymous_22)
FN:64,(anonymous_23)
FN:64,(anonymous_24)
FN:69,(anonymous_26)
FN:90,(anonymous_27)
FN:90,(anonymous_28)
FN:94,(anonymous_30)
FN:94,(anonymous_31)
FN:101,(anonymous_33)
FN:102,(anonymous_34)
FNF:13
FNH:13
FNDA:63,(anonymous_16)
FNDA:63,(anonymous_17)
FNDA:4,(anonymous_19)
FNDA:6,(anonymous_22)
FNDA:4,(anonymous_23)
FNDA:4,(anonymous_24)
FNDA:5,(anonymous_26)
FNDA:1,(anonymous_27)
FNDA:1,(anonymous_28)
FNDA:3,(anonymous_30)
FNDA:3,(anonymous_31)
FNDA:6,(anonymous_33)
FNDA:9,(anonymous_34)
DA:1,11
DA:5,11
DA:7,74
DA:10,63
DA:13,7
DA:14,2
DA:17,2
DA:21,2
DA:23,1
DA:26,1
DA:35,11
DA:37,4
DA:40,3
DA:41,6
DA:44,3
DA:46,1
DA:49,2
DA:57,3
DA:59,1
DA:60,1
DA:64,11
DA:66,4
DA:68,3
DA:69,5
DA:72,3
DA:73,2
DA:75,1
DA:78,1
DA:83,3
DA:85,1
DA:86,1
DA:90,11
DA:91,1
DA:94,14
DA:96,3
DA:97,2
DA:98,2
DA:101,2
DA:102,9
DA:103,6
DA:109,2
DA:111,1
DA:112,1
LF:43
LH:43
BRDA:17,0,0,1
BRDA:17,0,1,1
BRDA:35,1,0,1
BRDA:44,2,0,1
BRDA:44,2,1,2
BRDA:72,3,0,2
BRDA:73,4,0,1
BRDA:73,4,1,1
BRDA:105,5,0,6
BRDA:105,5,1,3
BRF:10
BRH:10
end_of_record
TN:
SF:src\services\productService.ts
FN:4,(anonymous_14)
FN:16,(anonymous_17)
FN:40,(anonymous_18)
FN:40,(anonymous_19)
FN:50,(anonymous_21)
FN:50,(anonymous_22)
FN:60,(anonymous_24)
FN:70,(anonymous_27)
FNF:8
FNH:8
FNDA:7,(anonymous_14)
FNDA:4,(anonymous_17)
FNDA:2,(anonymous_18)
FNDA:2,(anonymous_19)
FNDA:5,(anonymous_21)
FNDA:5,(anonymous_22)
FNDA:5,(anonymous_24)
FNDA:16,(anonymous_27)
DA:1,2
DA:4,2
DA:5,9
DA:6,9
DA:11,7
DA:12,3
DA:15,3
DA:16,4
DA:19,3
DA:22,3
DA:23,3
DA:24,3
DA:26,3
DA:35,1
DA:36,1
DA:40,2
DA:42,2
DA:43,1
DA:45,1
DA:46,1
DA:50,7
DA:52,5
DA:53,1
DA:55,1
DA:56,1
DA:60,2
DA:62,9
DA:63,9
DA:66,5
DA:67,4
DA:70,4
DA:71,16
DA:75,4
DA:78,4
DA:79,4
DA:80,4
DA:82,4
DA:91,1
DA:92,1
LF:39
LH:39
BRDA:5,0,0,2
BRDA:6,1,0,2
BRDA:15,2,0,1
BRDA:15,2,1,2
BRDA:62,3,0,4
BRDA:63,4,0,4
BRDA:71,5,0,16
BRDA:71,5,1,11
BRF:8
BRH:8
end_of_record
